生成启动时间为 2016/10/13 10:56:09。
     1>项目“D:\Documents\Visual Studio 2010\Projects\prime\prime\prime.vcxproj”在节点 2 上(build 个目标)。
     1>InitializeBuildStatus:
         正在创建“Release\prime.unsuccessfulbuild”，因为已指定“AlwaysCreate”。
       ClCompile:
         D:\Program Files (x86)\Microsoft Visual Studio 10.0\VC\bin\CL.exe /c /Zi /nologo /W3 /WX- /O2 /Oi /Oy- /GL /D _MBCS /Gm- /EHsc /MD /GS /Gy /fp:precise /Zc:wchar_t /Zc:forScope /Fo"Release\\" /Fd"Release\vc100.pdb" /Gd /TP /analyze- /errorReport:prompt main.cpp
         main.cpp
     1>main.cpp(28): warning C4996: 'scanf': This function or variable may be unsafe. Consider using scanf_s instead. To disable deprecation, use _CRT_SECURE_NO_WARNINGS. See online help for details.
                 D:\Program Files (x86)\Microsoft Visual Studio 10.0\VC\include\stdio.h(304) : 参见“scanf”的声明
       Link:
         D:\Program Files (x86)\Microsoft Visual Studio 10.0\VC\bin\link.exe /ERRORREPORT:PROMPT /OUT:"D:\Documents\Visual Studio 2010\Projects\prime\Release\prime.exe" /NOLOGO kernel32.lib user32.lib gdi32.lib winspool.lib comdlg32.lib advapi32.lib shell32.lib ole32.lib oleaut32.lib uuid.lib odbc32.lib odbccp32.lib /MANIFEST /ManifestFile:"Release\prime.exe.intermediate.manifest" /MANIFESTUAC:"level='asInvoker' uiAccess='false'" /DEBUG /PDB:"D:\Documents\Visual Studio 2010\Projects\prime\Release\prime.pdb" /OPT:REF /OPT:ICF /LTCG /TLBID:1 /DYNAMICBASE /NXCOMPAT /IMPLIB:"D:\Documents\Visual Studio 2010\Projects\prime\Release\prime.lib" /MACHINE:X86 Release\main.obj
         正在生成代码
         已完成代码的生成
         prime.vcxproj -> D:\Documents\Visual Studio 2010\Projects\prime\Release\prime.exe
       Manifest:
         C:\Program Files (x86)\Microsoft SDKs\Windows\v7.0A\bin\mt.exe /nologo /verbose /outputresource:"D:\Documents\Visual Studio 2010\Projects\prime\Release\prime.exe;#1" /manifest Release\prime.exe.intermediate.manifest
       FinalizeBuildStatus:
         正在删除文件“Release\prime.unsuccessfulbuild”。
         正在对“Release\prime.lastbuildstate”执行 Touch 任务。
     1>已完成生成项目“D:\Documents\Visual Studio 2010\Projects\prime\prime\prime.vcxproj”(build 个目标)的操作。

生成成功。

已用时间 00:00:00.32
