生成启动时间为 2016/10/7 17:03:44。
     1>项目“D:\Documents\Visual Studio 2010\Projects\prime\prime\prime.vcxproj”在节点 2 上(build 个目标)。
     1>InitializeBuildStatus:
         正在创建“Debug\prime.unsuccessfulbuild”，因为已指定“AlwaysCreate”。
       ClCompile:
         D:\Program Files (x86)\Microsoft Visual Studio 10.0\VC\bin\CL.exe /c /ZI /nologo /W3 /WX- /Od /Oy- /D _MBCS /Gm /EHsc /RTC1 /MDd /GS /fp:precise /Zc:wchar_t /Zc:forScope /Fo"Debug\\" /Fd"Debug\vc100.pdb" /Gd /TP /analyze- /errorReport:prompt main.cpp
         main.cpp
     1>d:\documents\visual studio 2010\projects\prime\prime\main.cpp(55): warning C4101: “y”: 未引用的局部变量
       Link:
         D:\Program Files (x86)\Microsoft Visual Studio 10.0\VC\bin\link.exe /ERRORREPORT:PROMPT /OUT:"D:\Documents\Visual Studio 2010\Projects\prime\Debug\prime.exe" /NOLOGO kernel32.lib user32.lib gdi32.lib winspool.lib comdlg32.lib advapi32.lib shell32.lib ole32.lib oleaut32.lib uuid.lib odbc32.lib odbccp32.lib /MANIFEST /ManifestFile:"Debug\prime.exe.intermediate.manifest" /MANIFESTUAC:"level='asInvoker' uiAccess='false'" /DEBUG /PDB:"D:\Documents\Visual Studio 2010\Projects\prime\Debug\prime.pdb" /TLBID:1 /DYNAMICBASE /NXCOMPAT /IMPLIB:"D:\Documents\Visual Studio 2010\Projects\prime\Debug\prime.lib" /MACHINE:X86 Debug\main.obj
         LINK : 没有找到 D:\Documents\Visual Studio 2010\Projects\prime\Debug\prime.exe 或上一个增量链接没有生成它；正在执行完全链接
         prime.vcxproj -> D:\Documents\Visual Studio 2010\Projects\prime\Debug\prime.exe
       Manifest:
         C:\Program Files (x86)\Microsoft SDKs\Windows\v7.0A\bin\mt.exe /nologo /verbose /outputresource:"D:\Documents\Visual Studio 2010\Projects\prime\Debug\prime.exe;#1" /manifest Debug\prime.exe.intermediate.manifest
       FinalizeBuildStatus:
         正在删除文件“Debug\prime.unsuccessfulbuild”。
         正在对“Debug\prime.lastbuildstate”执行 Touch 任务。
     1>已完成生成项目“D:\Documents\Visual Studio 2010\Projects\prime\prime\prime.vcxproj”(build 个目标)的操作。

生成成功。

已用时间 00:00:00.34
